  [1m[36m (9.3ms)[0m  [1mCREATE TABLE "schema_migrations" ("version" varchar(255) NOT NULL) [0m
  [1m[35m (1.0ms)[0m  CREATE UNIQUE INDEX "unique_schema_migrations" ON "schema_migrations" ("version")
  [1m[36mActiveRecord::SchemaMigration Load (0.2ms)[0m  [1mSELECT "schema_migrations".* FROM "schema_migrations"[0m
Migrating to CreatePosts (20140320232652)
  [1m[35m (0.1ms)[0m  begin transaction
  [1m[36m (0.4ms)[0m  [1mCREATE TABLE "posts" ("id" INTEGER PRIMARY KEY AUTOINCREMENT NOT NULL, "title" varchar(255), "text" text, "created_at" datetime, "updated_at" datetime) [0m
  [1m[35mSQL (0.2ms)[0m  INSERT INTO "schema_migrations" ("version") VALUES (?)  [["version", "20140320232652"]]
  [1m[36m (0.9ms)[0m  [1mcommit transaction[0m
Migrating to CreateComments (20140320232710)
  [1m[35m (0.1ms)[0m  begin transaction
  [1m[36m (0.4ms)[0m  [1mCREATE TABLE "comments" ("id" INTEGER PRIMARY KEY AUTOINCREMENT NOT NULL, "post_id" integer, "text" text, "created_at" datetime, "updated_at" datetime) [0m
  [1m[35mSQL (0.1ms)[0m  INSERT INTO "schema_migrations" ("version") VALUES (?)  [["version", "20140320232710"]]
  [1m[36m (1.0ms)[0m  [1mcommit transaction[0m
  [1m[35mActiveRecord::SchemaMigration Load (0.1ms)[0m  SELECT "schema_migrations".* FROM "schema_migrations"


Started GET "/" for 127.0.0.1 at 2014-03-20 19:27:28 -0400
  [1m[36mActiveRecord::SchemaMigration Load (0.2ms)[0m  [1mSELECT "schema_migrations".* FROM "schema_migrations"[0m
Processing by Rails::WelcomeController#index as HTML
  Rendered /Users/ericlima/.rbenv/versions/2.1.0/lib/ruby/gems/2.1.0/gems/railties-4.0.4/lib/rails/templates/rails/welcome/index.html.erb (1.4ms)
Completed 200 OK in 16ms (Views: 7.1ms | ActiveRecord: 0.0ms)


Started GET "/posts" for 127.0.0.1 at 2014-03-20 19:27:43 -0400
Processing by PostsController#index as HTML
  [1m[35mPost Load (0.2ms)[0m  SELECT "posts".* FROM "posts"
  Rendered posts/index.html.erb within layouts/application (1.9ms)
Completed 200 OK in 887ms (Views: 883.9ms | ActiveRecord: 0.2ms)


Started GET "/assets/application.css?body=1" for 127.0.0.1 at 2014-03-20 19:27:44 -0400


Started GET "/assets/jquery.js?body=1" for 127.0.0.1 at 2014-03-20 19:27:44 -0400


Started GET "/assets/scaffolds.css?body=1" for 127.0.0.1 at 2014-03-20 19:27:44 -0400


Started GET "/assets/posts.css?body=1" for 127.0.0.1 at 2014-03-20 19:27:44 -0400


Started GET "/assets/turbolinks.js?body=1" for 127.0.0.1 at 2014-03-20 19:27:44 -0400


Started GET "/assets/jquery_ujs.js?body=1" for 127.0.0.1 at 2014-03-20 19:27:44 -0400


Started GET "/assets/posts.js?body=1" for 127.0.0.1 at 2014-03-20 19:27:44 -0400


Started GET "/assets/application.js?body=1" for 127.0.0.1 at 2014-03-20 19:27:44 -0400


Started GET "/posts/new" for 127.0.0.1 at 2014-03-20 19:27:47 -0400
Processing by PostsController#new as HTML
  Rendered posts/_form.html.erb (30.1ms)
  Rendered posts/new.html.erb within layouts/application (36.1ms)
Completed 200 OK in 48ms (Views: 45.7ms | ActiveRecord: 0.4ms)


Started POST "/posts" for 127.0.0.1 at 2014-03-20 19:28:05 -0400
Processing by PostsController#create as HTML
  Parameters: {"utf8"=>"✓", "authenticity_token"=>"vtFC3P5pZqEjAXhz2XxMjweWzI7P+53doBsnIPcV/Sw=", "post"=>{"title"=>"My First Post", "text"=>"Lorem ipsum"}, "commit"=>"Create Post"}
  [1m[36m (0.1ms)[0m  [1mbegin transaction[0m
  [1m[35mSQL (5.9ms)[0m  INSERT INTO "posts" ("created_at", "text", "title", "updated_at") VALUES (?, ?, ?, ?)  [["created_at", Thu, 20 Mar 2014 23:28:05 UTC +00:00], ["text", "Lorem ipsum"], ["title", "My First Post"], ["updated_at", Thu, 20 Mar 2014 23:28:05 UTC +00:00]]
  [1m[36m (0.8ms)[0m  [1mcommit transaction[0m
Redirected to http://localhost:3000/posts/1
Completed 302 Found in 13ms (ActiveRecord: 6.8ms)


Started GET "/posts/1" for 127.0.0.1 at 2014-03-20 19:28:05 -0400
Processing by PostsController#show as HTML
  Parameters: {"id"=>"1"}
  [1m[35mPost Load (0.2ms)[0m  SELECT "posts".* FROM "posts" WHERE "posts"."id" = ? LIMIT 1  [["id", "1"]]
  Rendered posts/show.html.erb within layouts/application (0.8ms)
Completed 200 OK in 7ms (Views: 4.9ms | ActiveRecord: 0.2ms)


Started GET "/assets/application.css?body=1" for 127.0.0.1 at 2014-03-20 19:28:05 -0400


Started GET "/assets/posts.css?body=1" for 127.0.0.1 at 2014-03-20 19:28:05 -0400


Started GET "/assets/scaffolds.css?body=1" for 127.0.0.1 at 2014-03-20 19:28:05 -0400


Started GET "/assets/posts.js?body=1" for 127.0.0.1 at 2014-03-20 19:28:05 -0400


Started GET "/assets/application.js?body=1" for 127.0.0.1 at 2014-03-20 19:28:05 -0400


Started GET "/posts" for 127.0.0.1 at 2014-03-20 19:28:23 -0400
Processing by PostsController#index as HTML
  [1m[36mPost Load (0.3ms)[0m  [1mSELECT "posts".* FROM "posts"[0m
  Rendered posts/index.html.erb within layouts/application (5.2ms)
Completed 200 OK in 13ms (Views: 12.4ms | ActiveRecord: 0.3ms)


Started GET "/posts" for 127.0.0.1 at 2014-03-20 19:33:22 -0400
Processing by PostsController#index as HTML
  Rendered posts/index.html.erb within layouts/application (3.0ms)
Completed 500 Internal Server Error in 6ms

ActionView::Template::Error (undefined method `each' for nil:NilClass):
    1: <h1>Welcome to my blog_blog</h1>
    2: 
    3: <% @post.each do |post| %>
    4:   <h2><%= link_to post.title, post %></h2>
    5:   <p>
    6:   <%= truncate post.text %>
  app/views/posts/index.html.erb:3:in `_app_views_posts_index_html_erb___2305390420637381283_70331002375460'


  Rendered /Users/ericlima/.rbenv/versions/2.1.0/lib/ruby/gems/2.1.0/gems/actionpack-4.0.4/lib/action_dispatch/middleware/templates/rescues/_trace.erb (1.6ms)
  Rendered /Users/ericlima/.rbenv/versions/2.1.0/lib/ruby/gems/2.1.0/gems/actionpack-4.0.4/lib/action_dispatch/middleware/templates/rescues/_request_and_response.erb (0.9ms)
  Rendered /Users/ericlima/.rbenv/versions/2.1.0/lib/ruby/gems/2.1.0/gems/actionpack-4.0.4/lib/action_dispatch/middleware/templates/rescues/template_error.erb within rescues/layout (17.2ms)


Started GET "/posts" for 127.0.0.1 at 2014-03-20 19:34:07 -0400
Processing by PostsController#index as HTML
  [1m[35mPost Load (0.1ms)[0m  SELECT "posts".* FROM "posts"
  Rendered posts/index.html.erb within layouts/application (1.3ms)
Completed 200 OK in 6ms (Views: 4.8ms | ActiveRecord: 0.1ms)


Started GET "/assets/posts.css?body=1" for 127.0.0.1 at 2014-03-20 19:34:07 -0400


Started GET "/assets/application.css?body=1" for 127.0.0.1 at 2014-03-20 19:34:07 -0400


Started GET "/assets/scaffolds.css?body=1" for 127.0.0.1 at 2014-03-20 19:34:07 -0400


Started GET "/assets/turbolinks.js?body=1" for 127.0.0.1 at 2014-03-20 19:34:07 -0400


Started GET "/assets/jquery.js?body=1" for 127.0.0.1 at 2014-03-20 19:34:07 -0400


Started GET "/assets/jquery_ujs.js?body=1" for 127.0.0.1 at 2014-03-20 19:34:07 -0400


Started GET "/assets/posts.js?body=1" for 127.0.0.1 at 2014-03-20 19:34:07 -0400


Started GET "/assets/application.js?body=1" for 127.0.0.1 at 2014-03-20 19:34:07 -0400


Started GET "/posts/1" for 127.0.0.1 at 2014-03-20 19:34:35 -0400
Processing by PostsController#show as HTML
  Parameters: {"id"=>"1"}
  [1m[36mPost Load (0.2ms)[0m  [1mSELECT "posts".* FROM "posts" WHERE "posts"."id" = ? LIMIT 1[0m  [["id", "1"]]
  Rendered posts/show.html.erb within layouts/application (1.5ms)
Completed 200 OK in 12ms (Views: 10.0ms | ActiveRecord: 0.2ms)


Started GET "/posts/1" for 127.0.0.1 at 2014-03-20 19:35:55 -0400
Processing by PostsController#show as HTML
  Parameters: {"id"=>"1"}
  [1m[35mPost Load (0.1ms)[0m  SELECT "posts".* FROM "posts" WHERE "posts"."id" = ? LIMIT 1  [["id", "1"]]
  Rendered posts/show.html.erb within layouts/application (0.4ms)
Completed 200 OK in 5ms (Views: 3.9ms | ActiveRecord: 0.1ms)


Started GET "/assets/application.css?body=1" for 127.0.0.1 at 2014-03-20 19:35:55 -0400


Started GET "/assets/posts.css?body=1" for 127.0.0.1 at 2014-03-20 19:35:55 -0400


Started GET "/assets/jquery.js?body=1" for 127.0.0.1 at 2014-03-20 19:35:55 -0400


Started GET "/assets/scaffolds.css?body=1" for 127.0.0.1 at 2014-03-20 19:35:55 -0400


Started GET "/assets/turbolinks.js?body=1" for 127.0.0.1 at 2014-03-20 19:35:55 -0400


Started GET "/assets/posts.js?body=1" for 127.0.0.1 at 2014-03-20 19:35:55 -0400


Started GET "/assets/jquery_ujs.js?body=1" for 127.0.0.1 at 2014-03-20 19:35:55 -0400


Started GET "/assets/application.js?body=1" for 127.0.0.1 at 2014-03-20 19:35:55 -0400


Started GET "/posts" for 127.0.0.1 at 2014-03-20 19:35:57 -0400
Processing by PostsController#index as HTML
  [1m[36mPost Load (0.2ms)[0m  [1mSELECT "posts".* FROM "posts"[0m
  Rendered posts/index.html.erb within layouts/application (13.4ms)
Completed 500 Internal Server Error in 18ms

ActionView::Template::Error (undefined method `create_at' for #<Post:0x007fee6cc55208>):
    3: <% @posts.each do |post| %>
    4:   <h2><%= link_to post.title, post %></h2>
    5:   <p>
    6:     <%= time_ago_in_words post.create_at %> ago
    7:   </p>
    8:   <p>
    9:   <%= truncate post.text %>
  app/views/posts/index.html.erb:6:in `block in _app_views_posts_index_html_erb___2305390420637381283_70331001924320'
  app/views/posts/index.html.erb:3:in `_app_views_posts_index_html_erb___2305390420637381283_70331001924320'


  Rendered /Users/ericlima/.rbenv/versions/2.1.0/lib/ruby/gems/2.1.0/gems/actionpack-4.0.4/lib/action_dispatch/middleware/templates/rescues/_trace.erb (1.1ms)
  Rendered /Users/ericlima/.rbenv/versions/2.1.0/lib/ruby/gems/2.1.0/gems/actionpack-4.0.4/lib/action_dispatch/middleware/templates/rescues/_request_and_response.erb (0.9ms)
  Rendered /Users/ericlima/.rbenv/versions/2.1.0/lib/ruby/gems/2.1.0/gems/actionpack-4.0.4/lib/action_dispatch/middleware/templates/rescues/template_error.erb within rescues/layout (11.4ms)


Started GET "/posts" for 127.0.0.1 at 2014-03-20 19:35:57 -0400
Processing by PostsController#index as HTML
  [1m[35mPost Load (0.1ms)[0m  SELECT "posts".* FROM "posts"
  Rendered posts/index.html.erb within layouts/application (2.5ms)
Completed 500 Internal Server Error in 6ms

ActionView::Template::Error (undefined method `create_at' for #<Post:0x007fee6cb65820>):
    3: <% @posts.each do |post| %>
    4:   <h2><%= link_to post.title, post %></h2>
    5:   <p>
    6:     <%= time_ago_in_words post.create_at %> ago
    7:   </p>
    8:   <p>
    9:   <%= truncate post.text %>
  app/views/posts/index.html.erb:6:in `block in _app_views_posts_index_html_erb___2305390420637381283_70331001465420'
  app/views/posts/index.html.erb:3:in `_app_views_posts_index_html_erb___2305390420637381283_70331001465420'


  Rendered /Users/ericlima/.rbenv/versions/2.1.0/lib/ruby/gems/2.1.0/gems/actionpack-4.0.4/lib/action_dispatch/middleware/templates/rescues/_trace.erb (1.6ms)
  Rendered /Users/ericlima/.rbenv/versions/2.1.0/lib/ruby/gems/2.1.0/gems/actionpack-4.0.4/lib/action_dispatch/middleware/templates/rescues/_request_and_response.erb (1.1ms)
  Rendered /Users/ericlima/.rbenv/versions/2.1.0/lib/ruby/gems/2.1.0/gems/actionpack-4.0.4/lib/action_dispatch/middleware/templates/rescues/template_error.erb within rescues/layout (12.8ms)


Started GET "/posts" for 127.0.0.1 at 2014-03-20 19:36:25 -0400
Processing by PostsController#index as HTML
  [1m[36mPost Load (0.2ms)[0m  [1mSELECT "posts".* FROM "posts"[0m
  Rendered posts/index.html.erb within layouts/application (2.4ms)
Completed 200 OK in 8ms (Views: 7.5ms | ActiveRecord: 0.2ms)


Started GET "/assets/scaffolds.css?body=1" for 127.0.0.1 at 2014-03-20 19:36:25 -0400


Started GET "/assets/application.css?body=1" for 127.0.0.1 at 2014-03-20 19:36:25 -0400


Started GET "/assets/turbolinks.js?body=1" for 127.0.0.1 at 2014-03-20 19:36:25 -0400


Started GET "/assets/jquery.js?body=1" for 127.0.0.1 at 2014-03-20 19:36:25 -0400


Started GET "/assets/posts.css?body=1" for 127.0.0.1 at 2014-03-20 19:36:25 -0400


Started GET "/assets/posts.js?body=1" for 127.0.0.1 at 2014-03-20 19:36:25 -0400


Started GET "/assets/jquery_ujs.js?body=1" for 127.0.0.1 at 2014-03-20 19:36:25 -0400


Started GET "/assets/application.js?body=1" for 127.0.0.1 at 2014-03-20 19:36:25 -0400


Started GET "/posts" for 127.0.0.1 at 2014-03-20 19:37:51 -0400
Processing by PostsController#index as HTML
  [1m[35mPost Load (0.1ms)[0m  SELECT "posts".* FROM "posts"
  Rendered posts/index.html.erb within layouts/application (12.3ms)
Completed 500 Internal Server Error in 14ms

ActionView::Template::Error (undefined local variable or method `new_past_path' for #<#<Class:0x007fee6db85638>:0x007fee6cc66ee0>):
    12: 
    13: 
    14:   <p>
    15:     <%= link_to "New Post", new_past_path %>
    16:   </p>
  app/views/posts/index.html.erb:15:in `_app_views_posts_index_html_erb___2305390420637381283_70331001938060'


  Rendered /Users/ericlima/.rbenv/versions/2.1.0/lib/ruby/gems/2.1.0/gems/actionpack-4.0.4/lib/action_dispatch/middleware/templates/rescues/_trace.erb (1.3ms)
  Rendered /Users/ericlima/.rbenv/versions/2.1.0/lib/ruby/gems/2.1.0/gems/actionpack-4.0.4/lib/action_dispatch/middleware/templates/rescues/_request_and_response.erb (1.0ms)
  Rendered /Users/ericlima/.rbenv/versions/2.1.0/lib/ruby/gems/2.1.0/gems/actionpack-4.0.4/lib/action_dispatch/middleware/templates/rescues/template_error.erb within rescues/layout (12.0ms)


Started GET "/posts" for 127.0.0.1 at 2014-03-20 19:38:32 -0400
Processing by PostsController#index as HTML
  [1m[36mPost Load (0.1ms)[0m  [1mSELECT "posts".* FROM "posts"[0m
  Rendered posts/index.html.erb within layouts/application (1.7ms)
Completed 200 OK in 7ms (Views: 6.0ms | ActiveRecord: 0.1ms)


Started GET "/assets/application.css?body=1" for 127.0.0.1 at 2014-03-20 19:38:32 -0400


Started GET "/assets/posts.css?body=1" for 127.0.0.1 at 2014-03-20 19:38:32 -0400


Started GET "/assets/turbolinks.js?body=1" for 127.0.0.1 at 2014-03-20 19:38:32 -0400


Started GET "/assets/scaffolds.css?body=1" for 127.0.0.1 at 2014-03-20 19:38:32 -0400


Started GET "/assets/jquery_ujs.js?body=1" for 127.0.0.1 at 2014-03-20 19:38:32 -0400


Started GET "/assets/posts.js?body=1" for 127.0.0.1 at 2014-03-20 19:38:32 -0400


Started GET "/assets/jquery.js?body=1" for 127.0.0.1 at 2014-03-20 19:38:32 -0400


Started GET "/assets/application.js?body=1" for 127.0.0.1 at 2014-03-20 19:38:32 -0400


Started GET "/posts/new" for 127.0.0.1 at 2014-03-20 19:38:35 -0400
Processing by PostsController#new as HTML
  Rendered posts/_form.html.erb (3.9ms)
  Rendered posts/new.html.erb within layouts/application (5.5ms)
Completed 200 OK in 17ms (Views: 16.3ms | ActiveRecord: 0.0ms)


Started POST "/posts" for 127.0.0.1 at 2014-03-20 19:38:45 -0400
Processing by PostsController#create as HTML
  Parameters: {"utf8"=>"✓", "authenticity_token"=>"vtFC3P5pZqEjAXhz2XxMjweWzI7P+53doBsnIPcV/Sw=", "post"=>{"title"=>"Second Post", "text"=>"Yay, M2k IS real"}, "commit"=>"Create Post"}
  [1m[35m (0.1ms)[0m  begin transaction
  [1m[36mSQL (0.3ms)[0m  [1mINSERT INTO "posts" ("created_at", "text", "title", "updated_at") VALUES (?, ?, ?, ?)[0m  [["created_at", Thu, 20 Mar 2014 23:38:45 UTC +00:00], ["text", "Yay, M2k IS real"], ["title", "Second Post"], ["updated_at", Thu, 20 Mar 2014 23:38:45 UTC +00:00]]
  [1m[35m (0.8ms)[0m  commit transaction
Redirected to http://localhost:3000/posts/2
Completed 302 Found in 4ms (ActiveRecord: 1.2ms)


Started GET "/posts/2" for 127.0.0.1 at 2014-03-20 19:38:45 -0400
Processing by PostsController#show as HTML
  Parameters: {"id"=>"2"}
  [1m[36mPost Load (0.1ms)[0m  [1mSELECT "posts".* FROM "posts" WHERE "posts"."id" = ? LIMIT 1[0m  [["id", "2"]]
  Rendered posts/show.html.erb within layouts/application (0.3ms)
Completed 200 OK in 5ms (Views: 3.9ms | ActiveRecord: 0.1ms)


Started GET "/assets/application.css?body=1" for 127.0.0.1 at 2014-03-20 19:38:45 -0400


Started GET "/assets/posts.css?body=1" for 127.0.0.1 at 2014-03-20 19:38:45 -0400


Started GET "/assets/jquery.js?body=1" for 127.0.0.1 at 2014-03-20 19:38:45 -0400


Started GET "/assets/jquery_ujs.js?body=1" for 127.0.0.1 at 2014-03-20 19:38:45 -0400


Started GET "/assets/scaffolds.css?body=1" for 127.0.0.1 at 2014-03-20 19:38:45 -0400


Started GET "/assets/turbolinks.js?body=1" for 127.0.0.1 at 2014-03-20 19:38:45 -0400


Started GET "/assets/posts.js?body=1" for 127.0.0.1 at 2014-03-20 19:38:45 -0400


Started GET "/assets/application.js?body=1" for 127.0.0.1 at 2014-03-20 19:38:45 -0400


Started GET "/posts" for 127.0.0.1 at 2014-03-20 19:38:48 -0400
Processing by PostsController#index as HTML
  [1m[35mPost Load (0.3ms)[0m  SELECT "posts".* FROM "posts"
  Rendered posts/index.html.erb within layouts/application (7.4ms)
Completed 200 OK in 14ms (Views: 13.2ms | ActiveRecord: 0.3ms)


Started GET "/posts/2" for 127.0.0.1 at 2014-03-20 19:39:01 -0400
Processing by PostsController#show as HTML
  Parameters: {"id"=>"2"}
  [1m[36mPost Load (0.2ms)[0m  [1mSELECT "posts".* FROM "posts" WHERE "posts"."id" = ? LIMIT 1[0m  [["id", "2"]]
  Rendered posts/show.html.erb within layouts/application (0.9ms)
Completed 200 OK in 10ms (Views: 8.6ms | ActiveRecord: 0.2ms)


Started GET "/posts/2" for 127.0.0.1 at 2014-03-20 19:43:15 -0400
Processing by PostsController#show as HTML
  Parameters: {"id"=>"2"}
  [1m[35mPost Load (0.1ms)[0m  SELECT "posts".* FROM "posts" WHERE "posts"."id" = ? LIMIT 1  [["id", "2"]]
DEPRECATION WARNING: :confirm option is deprecated and will be removed from Rails 4.1. Use 'data: { confirm: 'Text' }' instead. (called from _app_views_posts_show_html_erb__3462556842504160976_70330996223180 at /Users/ericlima/Workspace/blog_blog/app/views/posts/show.html.erb:11)
  Rendered posts/show.html.erb within layouts/application (4.9ms)
Completed 200 OK in 14ms (Views: 12.3ms | ActiveRecord: 0.1ms)


Started GET "/posts/2/edit" for 127.0.0.1 at 2014-03-20 19:43:16 -0400
Processing by PostsController#edit as HTML
  Parameters: {"id"=>"2"}
  [1m[36mPost Load (0.1ms)[0m  [1mSELECT "posts".* FROM "posts" WHERE "posts"."id" = ? LIMIT 1[0m  [["id", "2"]]
  Rendered posts/_form.html.erb (4.0ms)
  Rendered posts/edit.html.erb within layouts/application (8.2ms)
Completed 200 OK in 16ms (Views: 15.0ms | ActiveRecord: 0.1ms)


Started PATCH "/posts/2" for 127.0.0.1 at 2014-03-20 19:43:19 -0400
Processing by PostsController#update as HTML
  Parameters: {"utf8"=>"✓", "authenticity_token"=>"vtFC3P5pZqEjAXhz2XxMjweWzI7P+53doBsnIPcV/Sw=", "post"=>{"title"=>"Second Post", "text"=>"Yay, M2k IS real cool"}, "commit"=>"Update Post", "id"=>"2"}
  [1m[35mPost Load (0.1ms)[0m  SELECT "posts".* FROM "posts" WHERE "posts"."id" = ? LIMIT 1  [["id", "2"]]
  [1m[36m (0.1ms)[0m  [1mbegin transaction[0m
  [1m[35mSQL (0.4ms)[0m  UPDATE "posts" SET "text" = ?, "updated_at" = ? WHERE "posts"."id" = 2  [["text", "Yay, M2k IS real cool"], ["updated_at", Thu, 20 Mar 2014 23:43:19 UTC +00:00]]
  [1m[36m (0.7ms)[0m  [1mcommit transaction[0m
Redirected to http://localhost:3000/posts/2
Completed 302 Found in 5ms (ActiveRecord: 1.3ms)


Started GET "/posts/2" for 127.0.0.1 at 2014-03-20 19:43:19 -0400
Processing by PostsController#show as HTML
  Parameters: {"id"=>"2"}
  [1m[35mPost Load (0.1ms)[0m  SELECT "posts".* FROM "posts" WHERE "posts"."id" = ? LIMIT 1  [["id", "2"]]
DEPRECATION WARNING: :confirm option is deprecated and will be removed from Rails 4.1. Use 'data: { confirm: 'Text' }' instead. (called from _app_views_posts_show_html_erb__3462556842504160976_70330999779700 at /Users/ericlima/Workspace/blog_blog/app/views/posts/show.html.erb:11)
  Rendered posts/show.html.erb within layouts/application (5.6ms)
Completed 200 OK in 11ms (Views: 10.0ms | ActiveRecord: 0.1ms)


Started GET "/assets/application.css?body=1" for 127.0.0.1 at 2014-03-20 19:43:19 -0400


Started GET "/assets/posts.css?body=1" for 127.0.0.1 at 2014-03-20 19:43:19 -0400


Started GET "/assets/scaffolds.css?body=1" for 127.0.0.1 at 2014-03-20 19:43:19 -0400


Started GET "/assets/jquery.js?body=1" for 127.0.0.1 at 2014-03-20 19:43:19 -0400


Started GET "/assets/posts.js?body=1" for 127.0.0.1 at 2014-03-20 19:43:19 -0400


Started GET "/assets/turbolinks.js?body=1" for 127.0.0.1 at 2014-03-20 19:43:19 -0400


Started GET "/assets/jquery_ujs.js?body=1" for 127.0.0.1 at 2014-03-20 19:43:19 -0400


Started GET "/assets/application.js?body=1" for 127.0.0.1 at 2014-03-20 19:43:19 -0400


Started DELETE "/posts/2" for 127.0.0.1 at 2014-03-20 19:43:23 -0400
Processing by PostsController#destroy as HTML
  Parameters: {"authenticity_token"=>"vtFC3P5pZqEjAXhz2XxMjweWzI7P+53doBsnIPcV/Sw=", "id"=>"2"}
  [1m[36mPost Load (0.1ms)[0m  [1mSELECT "posts".* FROM "posts" WHERE "posts"."id" = ? LIMIT 1[0m  [["id", "2"]]
  [1m[35m (0.1ms)[0m  begin transaction
  [1m[36mSQL (0.3ms)[0m  [1mDELETE FROM "posts" WHERE "posts"."id" = ?[0m  [["id", 2]]
  [1m[35m (0.6ms)[0m  commit transaction
Redirected to http://localhost:3000/posts
Completed 302 Found in 4ms (ActiveRecord: 1.1ms)


Started GET "/posts" for 127.0.0.1 at 2014-03-20 19:43:23 -0400
Processing by PostsController#index as HTML
  [1m[36mPost Load (0.3ms)[0m  [1mSELECT "posts".* FROM "posts"[0m
  Rendered posts/index.html.erb within layouts/application (1.6ms)
Completed 200 OK in 7ms (Views: 5.9ms | ActiveRecord: 0.3ms)


Started GET "/assets/application.css?body=1" for 127.0.0.1 at 2014-03-20 19:43:23 -0400


Started GET "/assets/posts.css?body=1" for 127.0.0.1 at 2014-03-20 19:43:23 -0400


Started GET "/assets/jquery.js?body=1" for 127.0.0.1 at 2014-03-20 19:43:23 -0400


Started GET "/assets/scaffolds.css?body=1" for 127.0.0.1 at 2014-03-20 19:43:23 -0400


Started GET "/assets/jquery_ujs.js?body=1" for 127.0.0.1 at 2014-03-20 19:43:23 -0400


Started GET "/assets/turbolinks.js?body=1" for 127.0.0.1 at 2014-03-20 19:43:23 -0400


Started GET "/assets/posts.js?body=1" for 127.0.0.1 at 2014-03-20 19:43:23 -0400


Started GET "/assets/application.js?body=1" for 127.0.0.1 at 2014-03-20 19:43:23 -0400


Started GET "/posts/new" for 127.0.0.1 at 2014-03-20 19:43:25 -0400
Processing by PostsController#new as HTML
  Rendered posts/_form.html.erb (5.7ms)
  Rendered posts/new.html.erb within layouts/application (7.2ms)
Completed 200 OK in 15ms (Views: 13.7ms | ActiveRecord: 0.0ms)


Started POST "/posts" for 127.0.0.1 at 2014-03-20 19:43:38 -0400
Processing by PostsController#create as HTML
  Parameters: {"utf8"=>"✓", "authenticity_token"=>"vtFC3P5pZqEjAXhz2XxMjweWzI7P+53doBsnIPcV/Sw=", "post"=>{"title"=>"Second Post Again", "text"=>"Mango is real "}, "commit"=>"Create Post"}
  [1m[35m (0.1ms)[0m  begin transaction
  [1m[36mSQL (0.5ms)[0m  [1mINSERT INTO "posts" ("created_at", "text", "title", "updated_at") VALUES (?, ?, ?, ?)[0m  [["created_at", Thu, 20 Mar 2014 23:43:38 UTC +00:00], ["text", "Mango is real "], ["title", "Second Post Again"], ["updated_at", Thu, 20 Mar 2014 23:43:38 UTC +00:00]]
  [1m[35m (0.8ms)[0m  commit transaction
Redirected to http://localhost:3000/posts/3
Completed 302 Found in 4ms (ActiveRecord: 1.3ms)


Started GET "/posts/3" for 127.0.0.1 at 2014-03-20 19:43:38 -0400
Processing by PostsController#show as HTML
  Parameters: {"id"=>"3"}
  [1m[36mPost Load (0.2ms)[0m  [1mSELECT "posts".* FROM "posts" WHERE "posts"."id" = ? LIMIT 1[0m  [["id", "3"]]
DEPRECATION WARNING: :confirm option is deprecated and will be removed from Rails 4.1. Use 'data: { confirm: 'Text' }' instead. (called from _app_views_posts_show_html_erb__3462556842504160976_70330999779700 at /Users/ericlima/Workspace/blog_blog/app/views/posts/show.html.erb:11)
  Rendered posts/show.html.erb within layouts/application (1.1ms)
Completed 200 OK in 8ms (Views: 5.9ms | ActiveRecord: 0.2ms)


Started GET "/assets/application.css?body=1" for 127.0.0.1 at 2014-03-20 19:43:38 -0400


Started GET "/assets/turbolinks.js?body=1" for 127.0.0.1 at 2014-03-20 19:43:38 -0400


Started GET "/assets/posts.css?body=1" for 127.0.0.1 at 2014-03-20 19:43:38 -0400


Started GET "/assets/jquery.js?body=1" for 127.0.0.1 at 2014-03-20 19:43:38 -0400


Started GET "/assets/posts.js?body=1" for 127.0.0.1 at 2014-03-20 19:43:38 -0400


Started GET "/assets/jquery_ujs.js?body=1" for 127.0.0.1 at 2014-03-20 19:43:38 -0400


Started GET "/assets/scaffolds.css?body=1" for 127.0.0.1 at 2014-03-20 19:43:38 -0400


Started GET "/assets/application.js?body=1" for 127.0.0.1 at 2014-03-20 19:43:38 -0400


Started GET "/posts" for 127.0.0.1 at 2014-03-20 19:43:40 -0400
Processing by PostsController#index as HTML
  [1m[35mPost Load (0.2ms)[0m  SELECT "posts".* FROM "posts"
  Rendered posts/index.html.erb within layouts/application (2.6ms)
Completed 200 OK in 13ms (Views: 12.4ms | ActiveRecord: 0.2ms)


Started GET "/posts" for 127.0.0.1 at 2014-03-20 19:50:18 -0400
Processing by PostsController#index as HTML
  [1m[36mPost Load (0.3ms)[0m  [1mSELECT "posts".* FROM "posts"[0m
  Rendered posts/index.html.erb within layouts/application (6.6ms)
Completed 200 OK in 23ms (Views: 10.1ms | ActiveRecord: 0.5ms)


Started GET "/assets/application.css?body=1" for 127.0.0.1 at 2014-03-20 19:50:18 -0400


Started GET "/assets/posts.css?body=1" for 127.0.0.1 at 2014-03-20 19:50:18 -0400


Started GET "/assets/scaffolds.css?body=1" for 127.0.0.1 at 2014-03-20 19:50:18 -0400


Started GET "/assets/jquery.js?body=1" for 127.0.0.1 at 2014-03-20 19:50:18 -0400


Started GET "/assets/jquery_ujs.js?body=1" for 127.0.0.1 at 2014-03-20 19:50:18 -0400


Started GET "/assets/turbolinks.js?body=1" for 127.0.0.1 at 2014-03-20 19:50:18 -0400


Started GET "/assets/posts.js?body=1" for 127.0.0.1 at 2014-03-20 19:50:18 -0400


Started GET "/assets/application.js?body=1" for 127.0.0.1 at 2014-03-20 19:50:18 -0400


Started GET "/posts/1" for 127.0.0.1 at 2014-03-20 19:50:21 -0400
Processing by PostsController#show as HTML
  Parameters: {"id"=>"1"}
  [1m[35mPost Load (0.2ms)[0m  SELECT "posts".* FROM "posts" WHERE "posts"."id" = ? LIMIT 1  [["id", "1"]]
  [1m[36mComment Load (0.2ms)[0m  [1mSELECT "comments".* FROM "comments" WHERE "comments"."post_id" = ?[0m  [["post_id", 1]]
  Rendered posts/show.html.erb within layouts/application (51.3ms)
Completed 500 Internal Server Error in 59ms

ActionView::Template::Error (undefined method `post_comments_path' for #<#<Class:0x007fee6db25bc0>:0x007fee6c2a7b20>):
    10: 	<% end %>
    11: 
    12: 
    13: <%= form_for [@post, @post.comments.build] do |f| %>
    14: 	<p><%= f.text_area :text, :size => '40x10' %></p>
    15: 	<p><%= f.submit "Post comment" %></p>
    16: <% end %>
  app/views/posts/show.html.erb:13:in `_app_views_posts_show_html_erb__3462556842504160976_70330996830300'


  Rendered /Users/ericlima/.rbenv/versions/2.1.0/lib/ruby/gems/2.1.0/gems/actionpack-4.0.4/lib/action_dispatch/middleware/templates/rescues/_trace.erb (1.1ms)
  Rendered /Users/ericlima/.rbenv/versions/2.1.0/lib/ruby/gems/2.1.0/gems/actionpack-4.0.4/lib/action_dispatch/middleware/templates/rescues/_request_and_response.erb (1.0ms)
  Rendered /Users/ericlima/.rbenv/versions/2.1.0/lib/ruby/gems/2.1.0/gems/actionpack-4.0.4/lib/action_dispatch/middleware/templates/rescues/template_error.erb within rescues/layout (10.9ms)


Started GET "/posts/1" for 127.0.0.1 at 2014-03-20 19:50:21 -0400
Processing by PostsController#show as HTML
  Parameters: {"id"=>"1"}
  [1m[35mPost Load (0.1ms)[0m  SELECT "posts".* FROM "posts" WHERE "posts"."id" = ? LIMIT 1  [["id", "1"]]
  [1m[36mComment Load (0.1ms)[0m  [1mSELECT "comments".* FROM "comments" WHERE "comments"."post_id" = ?[0m  [["post_id", 1]]
  Rendered posts/show.html.erb within layouts/application (11.9ms)
Completed 500 Internal Server Error in 15ms

ActionView::Template::Error (undefined method `post_comments_path' for #<#<Class:0x007fee6db25bc0>:0x007fee6cabae98>):
    10: 	<% end %>
    11: 
    12: 
    13: <%= form_for [@post, @post.comments.build] do |f| %>
    14: 	<p><%= f.text_area :text, :size => '40x10' %></p>
    15: 	<p><%= f.submit "Post comment" %></p>
    16: <% end %>
  app/views/posts/show.html.erb:13:in `_app_views_posts_show_html_erb__3462556842504160976_70331001052260'


  Rendered /Users/ericlima/.rbenv/versions/2.1.0/lib/ruby/gems/2.1.0/gems/actionpack-4.0.4/lib/action_dispatch/middleware/templates/rescues/_trace.erb (1.5ms)
  Rendered /Users/ericlima/.rbenv/versions/2.1.0/lib/ruby/gems/2.1.0/gems/actionpack-4.0.4/lib/action_dispatch/middleware/templates/rescues/_request_and_response.erb (0.9ms)
  Rendered /Users/ericlima/.rbenv/versions/2.1.0/lib/ruby/gems/2.1.0/gems/actionpack-4.0.4/lib/action_dispatch/middleware/templates/rescues/template_error.erb within rescues/layout (13.4ms)


Started GET "/posts/1" for 127.0.0.1 at 2014-03-20 19:55:09 -0400
Processing by PostsController#show as HTML
  Parameters: {"id"=>"1"}
  [1m[35mPost Load (0.1ms)[0m  SELECT "posts".* FROM "posts" WHERE "posts"."id" = ? LIMIT 1  [["id", "1"]]
  [1m[36mComment Load (0.2ms)[0m  [1mSELECT "comments".* FROM "comments" WHERE "comments"."post_id" = ?[0m  [["post_id", 1]]
DEPRECATION WARNING: :confirm option is deprecated and will be removed from Rails 4.1. Use 'data: { confirm: 'Text' }' instead. (called from _app_views_posts_show_html_erb__3462556842504160976_70331001052260 at /Users/ericlima/Workspace/blog_blog/app/views/posts/show.html.erb:25)
  Rendered posts/show.html.erb within layouts/application (9.4ms)
Completed 200 OK in 146ms (Views: 138.1ms | ActiveRecord: 0.9ms)


Started GET "/assets/application.css?body=1" for 127.0.0.1 at 2014-03-20 19:55:09 -0400


Started GET "/assets/jquery_ujs.js?body=1" for 127.0.0.1 at 2014-03-20 19:55:09 -0400


Started GET "/assets/jquery.js?body=1" for 127.0.0.1 at 2014-03-20 19:55:09 -0400


Started GET "/assets/comments.css?body=1" for 127.0.0.1 at 2014-03-20 19:55:09 -0400


Started GET "/assets/posts.css?body=1" for 127.0.0.1 at 2014-03-20 19:55:09 -0400


Started GET "/assets/scaffolds.css?body=1" for 127.0.0.1 at 2014-03-20 19:55:09 -0400


Started GET "/assets/turbolinks.js?body=1" for 127.0.0.1 at 2014-03-20 19:55:09 -0400


Started GET "/assets/comments.js?body=1" for 127.0.0.1 at 2014-03-20 19:55:09 -0400


Started GET "/assets/posts.js?body=1" for 127.0.0.1 at 2014-03-20 19:55:09 -0400


Started GET "/assets/application.js?body=1" for 127.0.0.1 at 2014-03-20 19:55:09 -0400


Started POST "/posts/1/comments" for 127.0.0.1 at 2014-03-20 19:55:13 -0400
Processing by CommentsController#create as HTML
  Parameters: {"utf8"=>"✓", "authenticity_token"=>"vtFC3P5pZqEjAXhz2XxMjweWzI7P+53doBsnIPcV/Sw=", "comment"=>{"text"=>"just g"}, "commit"=>"Post comment", "post_id"=>"1"}
  [1m[35mPost Load (0.1ms)[0m  SELECT "posts".* FROM "posts" WHERE "posts"."id" = ? LIMIT 1  [["id", "1"]]
Completed 500 Internal Server Error in 3ms

ActiveModel::ForbiddenAttributesError (ActiveModel::ForbiddenAttributesError):
  app/controllers/comments_controller.rb:4:in `create'


  Rendered /Users/ericlima/.rbenv/versions/2.1.0/lib/ruby/gems/2.1.0/gems/actionpack-4.0.4/lib/action_dispatch/middleware/templates/rescues/_source.erb (0.6ms)
  Rendered /Users/ericlima/.rbenv/versions/2.1.0/lib/ruby/gems/2.1.0/gems/actionpack-4.0.4/lib/action_dispatch/middleware/templates/rescues/_trace.erb (1.1ms)
  Rendered /Users/ericlima/.rbenv/versions/2.1.0/lib/ruby/gems/2.1.0/gems/actionpack-4.0.4/lib/action_dispatch/middleware/templates/rescues/_request_and_response.erb (1.0ms)
  Rendered /Users/ericlima/.rbenv/versions/2.1.0/lib/ruby/gems/2.1.0/gems/actionpack-4.0.4/lib/action_dispatch/middleware/templates/rescues/diagnostics.erb within rescues/layout (16.1ms)


Started GET "/posts" for 127.0.0.1 at 2014-03-21 09:54:10 -0400
Processing by PostsController#index as HTML
  [1m[36mPost Load (1.0ms)[0m  [1mSELECT "posts".* FROM "posts"[0m
  Rendered posts/index.html.erb within layouts/application (6.5ms)
Completed 200 OK in 21ms (Views: 17.7ms | ActiveRecord: 1.0ms)


Started GET "/posts/1" for 127.0.0.1 at 2014-03-21 10:00:45 -0400
Processing by PostsController#show as HTML
  Parameters: {"id"=>"1"}
  [1m[35mPost Load (0.6ms)[0m  SELECT "posts".* FROM "posts" WHERE "posts"."id" = ? LIMIT 1  [["id", "1"]]
  [1m[36mComment Load (0.2ms)[0m  [1mSELECT "comments".* FROM "comments" WHERE "comments"."post_id" = ?[0m  [["post_id", 1]]
DEPRECATION WARNING: :confirm option is deprecated and will be removed from Rails 4.1. Use 'data: { confirm: 'Text' }' instead. (called from _app_views_posts_show_html_erb__3462556842504160976_70330996830300 at /Users/ericlima/Workspace/blog_blog/app/views/posts/show.html.erb:25)
  Rendered posts/show.html.erb within layouts/application (8.3ms)
Completed 200 OK in 18ms (Views: 14.0ms | ActiveRecord: 0.8ms)


Started POST "/posts/1/comments" for 127.0.0.1 at 2014-03-21 10:00:48 -0400
Processing by CommentsController#create as HTML
  Parameters: {"utf8"=>"✓", "authenticity_token"=>"vtFC3P5pZqEjAXhz2XxMjweWzI7P+53doBsnIPcV/Sw=", "comment"=>{"text"=>"khjhkjhkhkjh"}, "commit"=>"Post comment", "post_id"=>"1"}
  [1m[35mPost Load (0.1ms)[0m  SELECT "posts".* FROM "posts" WHERE "posts"."id" = ? LIMIT 1  [["id", "1"]]
Completed 500 Internal Server Error in 2ms

ActiveModel::ForbiddenAttributesError (ActiveModel::ForbiddenAttributesError):
  app/controllers/comments_controller.rb:4:in `create'


  Rendered /Users/ericlima/.rbenv/versions/2.1.0/lib/ruby/gems/2.1.0/gems/actionpack-4.0.4/lib/action_dispatch/middleware/templates/rescues/_source.erb (1.1ms)
  Rendered /Users/ericlima/.rbenv/versions/2.1.0/lib/ruby/gems/2.1.0/gems/actionpack-4.0.4/lib/action_dispatch/middleware/templates/rescues/_trace.erb (1.8ms)
  Rendered /Users/ericlima/.rbenv/versions/2.1.0/lib/ruby/gems/2.1.0/gems/actionpack-4.0.4/lib/action_dispatch/middleware/templates/rescues/_request_and_response.erb (1.5ms)
  Rendered /Users/ericlima/.rbenv/versions/2.1.0/lib/ruby/gems/2.1.0/gems/actionpack-4.0.4/lib/action_dispatch/middleware/templates/rescues/diagnostics.erb within rescues/layout (22.1ms)


Started GET "/posts" for 127.0.0.1 at 2014-03-21 13:06:20 -0400
Processing by PostsController#index as HTML
  [1m[36mPost Load (0.7ms)[0m  [1mSELECT "posts".* FROM "posts"[0m
  Rendered posts/index.html.erb within layouts/application (10.7ms)
Completed 200 OK in 26ms (Views: 19.2ms | ActiveRecord: 1.0ms)


Started GET "/posts/1" for 127.0.0.1 at 2014-03-21 13:06:24 -0400
Processing by PostsController#show as HTML
  Parameters: {"id"=>"1"}
  [1m[35mPost Load (0.2ms)[0m  SELECT "posts".* FROM "posts" WHERE "posts"."id" = ? LIMIT 1  [["id", "1"]]
  [1m[36mComment Load (0.4ms)[0m  [1mSELECT "comments".* FROM "comments" WHERE "comments"."post_id" = ?[0m  [["post_id", 1]]
DEPRECATION WARNING: :confirm option is deprecated and will be removed from Rails 4.1. Use 'data: { confirm: 'Text' }' instead. (called from _app_views_posts_show_html_erb__3462556842504160976_70331012968560 at /Users/ericlima/Workspace/blog_blog/app/views/posts/show.html.erb:25)
  Rendered posts/show.html.erb within layouts/application (17.5ms)
Completed 200 OK in 26ms (Views: 23.7ms | ActiveRecord: 1.0ms)


Started POST "/posts/1/comments" for 127.0.0.1 at 2014-03-21 13:06:26 -0400
Processing by CommentsController#create as HTML
  Parameters: {"utf8"=>"✓", "authenticity_token"=>"vtFC3P5pZqEjAXhz2XxMjweWzI7P+53doBsnIPcV/Sw=", "comment"=>{"text"=>"test comment"}, "commit"=>"Post comment", "post_id"=>"1"}
  [1m[35mPost Load (0.2ms)[0m  SELECT "posts".* FROM "posts" WHERE "posts"."id" = ? LIMIT 1  [["id", "1"]]
Completed 500 Internal Server Error in 3ms

ActiveModel::ForbiddenAttributesError (ActiveModel::ForbiddenAttributesError):
  app/controllers/comments_controller.rb:4:in `create'


  Rendered /Users/ericlima/.rbenv/versions/2.1.0/lib/ruby/gems/2.1.0/gems/actionpack-4.0.4/lib/action_dispatch/middleware/templates/rescues/_source.erb (1.4ms)
  Rendered /Users/ericlima/.rbenv/versions/2.1.0/lib/ruby/gems/2.1.0/gems/actionpack-4.0.4/lib/action_dispatch/middleware/templates/rescues/_trace.erb (2.9ms)
  Rendered /Users/ericlima/.rbenv/versions/2.1.0/lib/ruby/gems/2.1.0/gems/actionpack-4.0.4/lib/action_dispatch/middleware/templates/rescues/_request_and_response.erb (1.6ms)
  Rendered /Users/ericlima/.rbenv/versions/2.1.0/lib/ruby/gems/2.1.0/gems/actionpack-4.0.4/lib/action_dispatch/middleware/templates/rescues/diagnostics.erb within rescues/layout (27.2ms)


Started POST "/posts/1/comments" for 127.0.0.1 at 2014-03-21 13:17:49 -0400
Processing by CommentsController#create as HTML
  Parameters: {"utf8"=>"✓", "authenticity_token"=>"vtFC3P5pZqEjAXhz2XxMjweWzI7P+53doBsnIPcV/Sw=", "comment"=>{"text"=>"test comment"}, "commit"=>"Post comment", "post_id"=>"1"}
  [1m[36mPost Load (0.5ms)[0m  [1mSELECT "posts".* FROM "posts" WHERE "posts"."id" = ? LIMIT 1[0m  [["id", "1"]]
Completed 500 Internal Server Error in 17ms

NoMethodError (undefined method `permit' for #<Comment:0x007fee6dea5a98>):
  app/controllers/comments_controller.rb:4:in `create'


  Rendered /Users/ericlima/.rbenv/versions/2.1.0/lib/ruby/gems/2.1.0/gems/actionpack-4.0.4/lib/action_dispatch/middleware/templates/rescues/_source.erb (1.2ms)
  Rendered /Users/ericlima/.rbenv/versions/2.1.0/lib/ruby/gems/2.1.0/gems/actionpack-4.0.4/lib/action_dispatch/middleware/templates/rescues/_trace.erb (1.5ms)
  Rendered /Users/ericlima/.rbenv/versions/2.1.0/lib/ruby/gems/2.1.0/gems/actionpack-4.0.4/lib/action_dispatch/middleware/templates/rescues/_request_and_response.erb (1.2ms)
  Rendered /Users/ericlima/.rbenv/versions/2.1.0/lib/ruby/gems/2.1.0/gems/actionpack-4.0.4/lib/action_dispatch/middleware/templates/rescues/diagnostics.erb within rescues/layout (20.6ms)


Started POST "/posts/1/comments" for 127.0.0.1 at 2014-03-21 13:28:12 -0400
Processing by CommentsController#create as HTML
  Parameters: {"utf8"=>"✓", "authenticity_token"=>"vtFC3P5pZqEjAXhz2XxMjweWzI7P+53doBsnIPcV/Sw=", "comment"=>{"text"=>"test comment"}, "commit"=>"Post comment", "post_id"=>"1"}
  [1m[35mPost Load (0.5ms)[0m  SELECT "posts".* FROM "posts" WHERE "posts"."id" = ? LIMIT 1  [["id", "1"]]
Unpermitted parameters: utf8, authenticity_token, comment, commit, post_id
  [1m[36m (0.1ms)[0m  [1mbegin transaction[0m
  [1m[35mSQL (6.8ms)[0m  INSERT INTO "comments" ("created_at", "post_id", "updated_at") VALUES (?, ?, ?)  [["created_at", Fri, 21 Mar 2014 17:28:12 UTC +00:00], ["post_id", 1], ["updated_at", Fri, 21 Mar 2014 17:28:12 UTC +00:00]]
  [1m[36m (0.9ms)[0m  [1mcommit transaction[0m
Redirected to http://localhost:3000/posts/1
Completed 302 Found in 29ms (ActiveRecord: 9.3ms)


Started GET "/posts/1" for 127.0.0.1 at 2014-03-21 13:28:12 -0400
Processing by PostsController#show as HTML
  Parameters: {"id"=>"1"}
  [1m[35mPost Load (0.1ms)[0m  SELECT "posts".* FROM "posts" WHERE "posts"."id" = ? LIMIT 1  [["id", "1"]]
  [1m[36mComment Load (0.3ms)[0m  [1mSELECT "comments".* FROM "comments" WHERE "comments"."post_id" = ?[0m  [["post_id", 1]]
DEPRECATION WARNING: :confirm option is deprecated and will be removed from Rails 4.1. Use 'data: { confirm: 'Text' }' instead. (called from _app_views_posts_show_html_erb__3462556842504160976_70331016094900 at /Users/ericlima/Workspace/blog_blog/app/views/posts/show.html.erb:25)
  Rendered posts/show.html.erb within layouts/application (7.0ms)
Completed 200 OK in 15ms (Views: 12.9ms | ActiveRecord: 0.4ms)


Started GET "/assets/jquery_ujs.js?body=1" for 127.0.0.1 at 2014-03-21 13:28:12 -0400


Started GET "/assets/application.css?body=1" for 127.0.0.1 at 2014-03-21 13:28:12 -0400


Started GET "/assets/scaffolds.css?body=1" for 127.0.0.1 at 2014-03-21 13:28:12 -0400


Started GET "/assets/comments.css?body=1" for 127.0.0.1 at 2014-03-21 13:28:12 -0400


Started GET "/assets/jquery.js?body=1" for 127.0.0.1 at 2014-03-21 13:28:12 -0400


Started GET "/assets/posts.css?body=1" for 127.0.0.1 at 2014-03-21 13:28:12 -0400


Started GET "/assets/turbolinks.js?body=1" for 127.0.0.1 at 2014-03-21 13:28:12 -0400


Started GET "/assets/posts.js?body=1" for 127.0.0.1 at 2014-03-21 13:28:12 -0400


Started GET "/assets/comments.js?body=1" for 127.0.0.1 at 2014-03-21 13:28:12 -0400


Started GET "/assets/application.js?body=1" for 127.0.0.1 at 2014-03-21 13:28:12 -0400


Started POST "/posts/1/comments" for 127.0.0.1 at 2014-03-21 13:28:16 -0400
Processing by CommentsController#create as HTML
  Parameters: {"utf8"=>"✓", "authenticity_token"=>"vtFC3P5pZqEjAXhz2XxMjweWzI7P+53doBsnIPcV/Sw=", "comment"=>{"text"=>"okay"}, "commit"=>"Post comment", "post_id"=>"1"}
  [1m[35mPost Load (0.1ms)[0m  SELECT "posts".* FROM "posts" WHERE "posts"."id" = ? LIMIT 1  [["id", "1"]]
Unpermitted parameters: utf8, authenticity_token, comment, commit, post_id
  [1m[36m (0.1ms)[0m  [1mbegin transaction[0m
  [1m[35mSQL (0.3ms)[0m  INSERT INTO "comments" ("created_at", "post_id", "updated_at") VALUES (?, ?, ?)  [["created_at", Fri, 21 Mar 2014 17:28:16 UTC +00:00], ["post_id", 1], ["updated_at", Fri, 21 Mar 2014 17:28:16 UTC +00:00]]
  [1m[36m (9.5ms)[0m  [1mcommit transaction[0m
Redirected to http://localhost:3000/posts/1
Completed 302 Found in 14ms (ActiveRecord: 10.0ms)


Started GET "/posts/1" for 127.0.0.1 at 2014-03-21 13:28:16 -0400
Processing by PostsController#show as HTML
  Parameters: {"id"=>"1"}
  [1m[35mPost Load (0.1ms)[0m  SELECT "posts".* FROM "posts" WHERE "posts"."id" = ? LIMIT 1  [["id", "1"]]
  [1m[36mComment Load (0.1ms)[0m  [1mSELECT "comments".* FROM "comments" WHERE "comments"."post_id" = ?[0m  [["post_id", 1]]
DEPRECATION WARNING: :confirm option is deprecated and will be removed from Rails 4.1. Use 'data: { confirm: 'Text' }' instead. (called from _app_views_posts_show_html_erb__3462556842504160976_70331016094900 at /Users/ericlima/Workspace/blog_blog/app/views/posts/show.html.erb:25)
  Rendered posts/show.html.erb within layouts/application (3.1ms)
Completed 200 OK in 9ms (Views: 7.3ms | ActiveRecord: 0.2ms)


Started GET "/assets/application.css?body=1" for 127.0.0.1 at 2014-03-21 13:28:16 -0400


Started GET "/assets/comments.css?body=1" for 127.0.0.1 at 2014-03-21 13:28:16 -0400


Started GET "/assets/posts.css?body=1" for 127.0.0.1 at 2014-03-21 13:28:16 -0400


Started GET "/assets/jquery.js?body=1" for 127.0.0.1 at 2014-03-21 13:28:16 -0400


Started GET "/assets/jquery_ujs.js?body=1" for 127.0.0.1 at 2014-03-21 13:28:16 -0400


Started GET "/assets/scaffolds.css?body=1" for 127.0.0.1 at 2014-03-21 13:28:16 -0400


Started GET "/assets/turbolinks.js?body=1" for 127.0.0.1 at 2014-03-21 13:28:16 -0400


Started GET "/assets/comments.js?body=1" for 127.0.0.1 at 2014-03-21 13:28:16 -0400


Started GET "/assets/posts.js?body=1" for 127.0.0.1 at 2014-03-21 13:28:16 -0400


Started GET "/assets/application.js?body=1" for 127.0.0.1 at 2014-03-21 13:28:16 -0400


Started GET "/posts" for 127.0.0.1 at 2014-03-21 13:28:24 -0400
Processing by PostsController#index as HTML
  [1m[35mPost Load (0.2ms)[0m  SELECT "posts".* FROM "posts"
  Rendered posts/index.html.erb within layouts/application (2.2ms)
Completed 200 OK in 11ms (Views: 9.8ms | ActiveRecord: 0.2ms)


Started GET "/assets/application.css?body=1" for 127.0.0.1 at 2014-03-21 13:28:24 -0400


Started GET "/assets/scaffolds.css?body=1" for 127.0.0.1 at 2014-03-21 13:28:24 -0400


Started GET "/assets/comments.css?body=1" for 127.0.0.1 at 2014-03-21 13:28:24 -0400


Started GET "/assets/jquery.js?body=1" for 127.0.0.1 at 2014-03-21 13:28:24 -0400


Started GET "/assets/posts.css?body=1" for 127.0.0.1 at 2014-03-21 13:28:24 -0400


Started GET "/assets/jquery_ujs.js?body=1" for 127.0.0.1 at 2014-03-21 13:28:24 -0400


Started GET "/assets/turbolinks.js?body=1" for 127.0.0.1 at 2014-03-21 13:28:24 -0400


Started GET "/assets/comments.js?body=1" for 127.0.0.1 at 2014-03-21 13:28:24 -0400


Started GET "/assets/application.js?body=1" for 127.0.0.1 at 2014-03-21 13:28:24 -0400


Started GET "/assets/posts.js?body=1" for 127.0.0.1 at 2014-03-21 13:28:24 -0400


Started GET "/posts/1" for 127.0.0.1 at 2014-03-21 13:28:26 -0400
Processing by PostsController#show as HTML
  Parameters: {"id"=>"1"}
  [1m[36mPost Load (0.1ms)[0m  [1mSELECT "posts".* FROM "posts" WHERE "posts"."id" = ? LIMIT 1[0m  [["id", "1"]]
  [1m[35mComment Load (0.2ms)[0m  SELECT "comments".* FROM "comments" WHERE "comments"."post_id" = ?  [["post_id", 1]]
DEPRECATION WARNING: :confirm option is deprecated and will be removed from Rails 4.1. Use 'data: { confirm: 'Text' }' instead. (called from _app_views_posts_show_html_erb__3462556842504160976_70331012968560 at /Users/ericlima/Workspace/blog_blog/app/views/posts/show.html.erb:25)
  Rendered posts/show.html.erb within layouts/application (5.9ms)
Completed 200 OK in 14ms (Views: 12.6ms | ActiveRecord: 0.4ms)


Started POST "/posts/1/comments" for 127.0.0.1 at 2014-03-21 13:28:29 -0400
Processing by CommentsController#create as HTML
  Parameters: {"utf8"=>"✓", "authenticity_token"=>"vtFC3P5pZqEjAXhz2XxMjweWzI7P+53doBsnIPcV/Sw=", "comment"=>{"text"=>"where is my comment\r\n"}, "commit"=>"Post comment", "post_id"=>"1"}
  [1m[36mPost Load (0.1ms)[0m  [1mSELECT "posts".* FROM "posts" WHERE "posts"."id" = ? LIMIT 1[0m  [["id", "1"]]
Unpermitted parameters: utf8, authenticity_token, comment, commit, post_id
  [1m[35m (0.1ms)[0m  begin transaction
  [1m[36mSQL (0.3ms)[0m  [1mINSERT INTO "comments" ("created_at", "post_id", "updated_at") VALUES (?, ?, ?)[0m  [["created_at", Fri, 21 Mar 2014 17:28:29 UTC +00:00], ["post_id", 1], ["updated_at", Fri, 21 Mar 2014 17:28:29 UTC +00:00]]
  [1m[35m (1.0ms)[0m  commit transaction
Redirected to http://localhost:3000/posts/1
Completed 302 Found in 5ms (ActiveRecord: 1.4ms)


Started GET "/posts/1" for 127.0.0.1 at 2014-03-21 13:28:29 -0400
Processing by PostsController#show as HTML
  Parameters: {"id"=>"1"}
  [1m[36mPost Load (0.1ms)[0m  [1mSELECT "posts".* FROM "posts" WHERE "posts"."id" = ? LIMIT 1[0m  [["id", "1"]]
  [1m[35mComment Load (0.1ms)[0m  SELECT "comments".* FROM "comments" WHERE "comments"."post_id" = ?  [["post_id", 1]]
DEPRECATION WARNING: :confirm option is deprecated and will be removed from Rails 4.1. Use 'data: { confirm: 'Text' }' instead. (called from _app_views_posts_show_html_erb__3462556842504160976_70331016094900 at /Users/ericlima/Workspace/blog_blog/app/views/posts/show.html.erb:25)
  Rendered posts/show.html.erb within layouts/application (3.0ms)
Completed 200 OK in 8ms (Views: 7.1ms | ActiveRecord: 0.2ms)


Started GET "/assets/scaffolds.css?body=1" for 127.0.0.1 at 2014-03-21 13:28:29 -0400


Started GET "/assets/comments.css?body=1" for 127.0.0.1 at 2014-03-21 13:28:29 -0400


Started GET "/assets/jquery_ujs.js?body=1" for 127.0.0.1 at 2014-03-21 13:28:29 -0400


Started GET "/assets/posts.css?body=1" for 127.0.0.1 at 2014-03-21 13:28:29 -0400


Started GET "/assets/jquery.js?body=1" for 127.0.0.1 at 2014-03-21 13:28:29 -0400


Started GET "/assets/application.css?body=1" for 127.0.0.1 at 2014-03-21 13:28:29 -0400


Started GET "/assets/turbolinks.js?body=1" for 127.0.0.1 at 2014-03-21 13:28:29 -0400


Started GET "/assets/comments.js?body=1" for 127.0.0.1 at 2014-03-21 13:28:29 -0400


Started GET "/assets/posts.js?body=1" for 127.0.0.1 at 2014-03-21 13:28:29 -0400


Started GET "/assets/application.js?body=1" for 127.0.0.1 at 2014-03-21 13:28:29 -0400


Started GET "/posts" for 127.0.0.1 at 2014-03-21 13:58:59 -0400
Processing by PostsController#index as HTML
  [1m[36mPost Load (1.0ms)[0m  [1mSELECT "posts".* FROM "posts"[0m
  Rendered posts/index.html.erb within layouts/application (15.5ms)
Completed 200 OK in 41ms (Views: 33.5ms | ActiveRecord: 1.0ms)


Started GET "/posts" for 127.0.0.1 at 2014-03-21 13:59:10 -0400
Processing by PostsController#index as HTML
  [1m[35mPost Load (0.2ms)[0m  SELECT "posts".* FROM "posts"
  Rendered posts/index.html.erb within layouts/application (5.2ms)
Completed 200 OK in 15ms (Views: 14.0ms | ActiveRecord: 0.2ms)


Started GET "/" for 127.0.0.1 at 2014-03-21 14:09:29 -0400
Processing by Rails::WelcomeController#index as HTML
  Rendered /Users/ericlima/.rbenv/versions/2.1.0/lib/ruby/gems/2.1.0/gems/railties-4.0.4/lib/rails/templates/rails/welcome/index.html.erb (0.2ms)
Completed 200 OK in 7ms (Views: 5.4ms | ActiveRecord: 0.0ms)
